Time resolution is 1 ps
x1x  x
x10  0
010  0
100  0
000  0
100  0
000  0
100  0
000  0
100  0
000  0
100  0
000  0
100  0
000  0
100  0
000  0
100  0
000  0
100  0
000  0
100  0
000  0
100  0
000  0
100  0
000  0
100  0
000  0
100  0
000  0
100  0
000  0
100  0
000  0
100  0
000  0
100  0
000  0
100  0
000  0
100  0
000  0
100  0
000  0
100  0
000  0
100  0
000  0
100  0
000  0
100  0
000  0
100  0
000  0
100  0
000  0
100  0
000  0
100  0
000  0
100  0
000  0
110  0
010  0
110  0
010  0
110  0
010  0
110  0
010  0
110  0
010  0
110  0
010  0
110  0
010  0
110  0
010  0
010128
110128
010128
110128
010128
110128
010128
110128
010128
110128
010128
110128
010128
110128
010128
100128
000128
100128
000128
100128
000128
100128
000128
100128
000128
100128
000128
100128
000128
100128
000128
000 64
100 64
000 64
100 64
000 64
100 64
000 64
100 64
000 64
100 64
000 64
100 64
000 64
100 64
000 64
110 64
010 64
110 64
010 64
110 64
010 64
110 64
010 64
110 64
010 64
110 64
010 64
110 64
010 64
110 64
010 64
010160
110160
010160
110160
010160
110160
010160
110160
010160
110160
010160
110160
010160
110160
010160
100160
000160
100160
000160
100160
000160
100160
000160
100160
000160
100160
000160
100160
000160
100160
000160
000 80
100 80
000 80
100 80
000 80
100 80
000 80
100 80
000 80
100 80
000 80
100 80
000 80
100 80
000 80
100 80
000 80
100 80
000 80
100 80
000 80
100 80
000 80
100 80
000 80
100 80
000 80
100 80
000 80
100 80
000 80
000 40
100 40
000 40
100 40
000 40
100 40
000 40
100 40
000 40
100 40
000 40
100 40
000 40
100 40
000 40
100 40
000 40
100 40
000 40
100 40
000 40
100 40
000 40
100 40
000 40
100 40
000 40
100 40
000 40
100 40
000 40
000 20
100 20
000 20
100 20
000 20
100 20
000 20
100 20
000 20
100 20
000 20
100 20
000 20
100 20
000 20
100 20
000 20
100 20
000 20
100 20
000 20
100 20
000 20
100 20
000 20
100 20
000 20
100 20
000 20
100 20
000 20
000 10
100 10
000 10
100 10
000 10
100 10
000 10
100 10
000 10
100 10
000 10
100 10
000 10
100 10
000 10
110 10
010 10
110 10
010 10
110 10
010 10
110 10
010 10
110 10
010 10
110 10
010 10
110 10
010 10
110 10
010 10
110 10
010 10
110 10
010 10
110 10
010 10
110 10
010 10
110 10
010 10
110 10
010 10
110 10
010 10
110 10
010 10
110 10
010 10
110 10
010 10
110 10
010 10
110 10
010 10
110 10
010 10
110 10
010 10
110 10
010 10
011 10
010 10
110 10
010 10
110 10
010 10
110 10
010 10
110 10
010 10
110 10
010 10
110 10
010 10
110 10
010 10
110 10
010 10
110 10
010 10
100 10
000 10
100 10
000 10
100 10
000 10
100 10
000 10
100 10
000 10
100 10
000 10
100 10
000 10
100 10
000 10
100 10
000 10
100 10
000 10
100 10
000 10
100 10
000 10
100 10
000 10
100 10
000 10
100 10
000 10
110 10
010 10
110 10
010 10
110 10
010 10
110 10
010 10
110 10
010 10
110 10
010 10
110 10
010 10
110 10
010 10
010133
110133
010133
110133
010133
110133
010133
110133
010133
110133
010133
110133
010133
110133
010133
100133
000133
100133
000133
100133
000133
100133
000133
100133
000133
100133
000133
100133
000133
100133
000133
000 66
100 66
000 66
100 66
000 66
100 66
000 66
100 66
000 66
100 66
000 66
100 66
000 66
100 66
000 66
100 66
000 66
100 66
000 66
100 66
000 66
100 66
000 66
100 66
000 66
100 66
000 66
100 66
000 66
100 66
000 66
000 33
100 33
000 33
100 33
000 33
100 33
000 33
100 33
000 33
100 33
000 33
100 33
000 33
100 33
000 33
100 33
000 33
100 33
000 33
100 33
000 33
100 33
000 33
100 33
000 33
100 33
000 33
100 33
000 33
100 33
000 33
000 16
100 16
000 16
100 16
000 16
100 16
000 16
100 16
000 16
100 16
000 16
100 16
000 16
100 16
000 16
100 16
000 16
100 16
000 16
100 16
000 16
100 16
000 16
100 16
000 16
100 16
000 16
100 16
000 16
100 16
000 16
000  8
100  8
000  8
100  8
000  8
100  8
000  8
100  8
000  8
100  8
000  8
100  8
000  8
100  8
000  8
100  8
000  8
100  8
000  8
100  8
000  8
100  8
000  8
100  8
000  8
100  8
000  8
100  8
000  8
100  8
000  8
000  4
100  4
000  4
100  4
000  4
100  4
000  4
100  4
000  4
100  4
000  4
100  4
000  4
100  4
000  4
100  4
000  4
100  4
000  4
100  4
000  4
100  4
000  4
100  4
000  4
100  4
000  4
100  4
000  4
100  4
000  4
000  2
100  2
000  2
100  2
000  2
100  2
000  2
100  2
000  2
100  2
000  2
100  2
000  2
100  2
000  2
100  2
000  2
100  2
000  2
100  2
000  2
100  2
000  2
100  2
000  2
100  2
000  2
100  2
000  2
100  2
000  2
000  1
100  1
000  1
100  1
000  1
100  1
000  1
100  1
000  1
100  1
000  1
100  1
000  1
100  1
000  1
110  1
010  1
110  1
010  1
110  1
010  1
110  1
010  1
110  1
010  1
110  1
010  1
110  1
010  1
110  1
010  1
110  1
010  1
110  1
010  1
110  1
010  1
110  1
010  1
110  1
010  1
110  1
010  1
110  1
010  1
110  1
010  1
110  1
010  1
110  1
010  1
110  1
010  1
110  1
010  1
110  1
010  1
110  1
010  1
110  1
010  1
011  1
010  1
110  1
010  1
110  1
010  1
110  1
010  1
110  1
010  1
110  1
010  1
110  1
010  1
110  1
010  1
110  1
010  1
110  1
010  1
100  1
000  1
100  1
000  1
100  1
000  1
100  1
000  1
100  1
000  1
100  1
000  1
100  1
000  1
100  1
000  1
100  1
000  1
100  1
000  1
100  1
000  1
100  1
000  1
100  1
000  1
100  1
000  1
100  1
000  1
100  1
000  1
100  1
000  1
100  1
000  1
100  1
000  1
100  1
000  1
100  1
000  1
100  1
000  1
100  1
000  1
000  0
100  0
000  0
100  0
000  0
100  0
000  0
100  0
000  0
100  0
000  0
100  0
000  0
100  0
000  0
100  0
000  0
100  0
000  0
100  0
000  0
100  0
000  0
100  0
000  0
100  0
000  0
100  0
000  0
100  0
000  0
100  0
000  0
100  0
000  0
100  0
000  0
100  0
000  0
100  0
000  0
100  0
000  0
100  0
000  0
100  0
000  0
100  0
000  0
100  0
000  0
100  0
000  0
100  0
000  0
100  0
000  0
100  0
000  0
100  0
000  0
100  0
000  0
100  0
000  0
100  0
000  0
100  0
000  0
100  0
000  0
100  0
000  0
100  0
000  0
100  0
000  0
100  0
000  0
100  0
000  0
100  0
000  0
100  0
000  0
100  0
000  0
100  0
000  0
100  0
000  0
100  0
000  0
100  0
000  0
100  0
000  0
100  0
000  0
100  0
000  0
100  0
000  0
100  0
000  0
100  0
000  0
100  0
000  0
100  0
000  0
100  0
000  0
100  0
000  0
100  0
000  0
100  0
000  0
100  0
000  0
100  0
000  0
100  0
000  0
100  0
000  0
100  0
000  0
100  0
000  0
100  0
000  0
100  0
000  0
110  0
010  0
110  0
010  0
110  0
010  0
110  0
010  0
110  0
010  0
110  0
010  0
110  0
010  0
110  0
010  0
010128
110128
010128
110128
010128
110128
010128
110128
010128
110128
010128
110128
010128
110128
010128
100128
000128
100128
000128
100128
000128
100128
000128
100128
000128
100128
000128
100128
000128
100128
000128
000 64
100 64
000 64
100 64
000 64
100 64
000 64
100 64
000 64
100 64
000 64
100 64
000 64
100 64
000 64
100 64
000 64
100 64
000 64
100 64
000 64
100 64
000 64
100 64
000 64
100 64
000 64
100 64
000 64
100 64
000 64
000 32
100 32
000 32
100 32
000 32
100 32
000 32
100 32
000 32
100 32
000 32
100 32
000 32
100 32
000 32
110 32
010 32
110 32
010 32
110 32
010 32
110 32
010 32
110 32
010 32
110 32
010 32
110 32
010 32
110 32
010 32
110 32
010 32
110 32
010 32
110 32
010 32
110 32
010 32
110 32
010 32
110 32
010 32
110 32
010 32
110 32
010 32
110 32
010 32
110 32
010 32
110 32
010 32
110 32
010 32
110 32
010 32
110 32
010 32
110 32
010 32
011 32
010 32
110 32
010 32
110 32
010 32
110 32
010 32
110 32
010 32
110 32
010 32
110 32
010 32
110 32
010 32
110 32
010 32
110 32
010 32
100 32
000 32
100 32
000 32
100 32
000 32
100 32
000 32
100 32
000 32
100 32
000 32
100 32
000 32
100 32
000 32
100 32
000 32
100 32
000 32
100 32
000 32
100 32
000 32
100 32
000 32
100 32
000 32
100 32
000 32
100 32
000 32
100 32
000 32
100 32
000 32
100 32
000 32
100 32
000 32
100 32
000 32
100 32
000 32
100 32
000 32
000 16
100 16
000 16
100 16
000 16
100 16
000 16
100 16
000 16
100 16
000 16
100 16
000 16
100 16
000 16
110 16
010 16
110 16
010 16
110 16
010 16
110 16
010 16
110 16
010 16
110 16
010 16
110 16
010 16
110 16
010 16
010136
110136
010136
110136
010136
110136
010136
110136
010136
110136
010136
110136
010136
110136
010136
100136
000136
100136
000136
100136
000136
100136
000136
100136
000136
100136
000136
100136
000136
100136
000136
000 68
100 68
000 68
100 68
000 68
100 68
000 68
100 68
000 68
100 68
000 68
100 68
000 68
100 68
000 68
110 68
010 68
110 68
010 68
110 68
010 68
110 68
010 68
110 68
010 68
110 68
010 68
110 68
010 68
110 68
010 68
010162
110162
010162
110162
010162
110162
010162
110162
010162
110162
010162
110162
010162
110162
010162
100162
000162
100162
000162
100162
000162
100162
000162
100162
000162
100162
000162
100162
000162
100162
000162
000 81
100 81
000 81
100 81
000 81
100 81
000 81
100 81
000 81
100 81
000 81
100 81
000 81
100 81
000 81
100 81
000 81
100 81
000 81
100 81
000 81
100 81
000 81
100 81
000 81
100 81
000 81
100 81
000 81
100 81
000 81
000 40
100 40
000 40
100 40
000 40
100 40
000 40
100 40
000 40
100 40
000 40
100 40
000 40
100 40
000 40
100 40
000 40
100 40
000 40
100 40
000 40
100 40
000 40
100 40
000 40
100 40
000 40
100 40
000 40
100 40
000 40
000 20
100 20
000 20
100 20
000 20
100 20
000 20
100 20
000 20
100 20
000 20
100 20
000 20
100 20
000 20
100 20
000 20
100 20
000 20
100 20
000 20
100 20
000 20
100 20
000 20
100 20
000 20
100 20
000 20
100 20
000 20
000 10
100 10
000 10
100 10
000 10
100 10
000 10
100 10
000 10
100 10
000 10
100 10
000 10
100 10
000 10
110 10
010 10
110 10
010 10
110 10
010 10
110 10
010 10
110 10
010 10
110 10
010 10
110 10
010 10
110 10
010 10
110 10
010 10
110 10
010 10
110 10
010 10
110 10
010 10
110 10
010 10
110 10
010 10
110 10
010 10
110 10
010 10
110 10
010 10
110 10
010 10
110 10
010 10
110 10
010 10
110 10
010 10
110 10
010 10
110 10
010 10
011 10
010 10
110 10
010 10
110 10
010 10
110 10
010 10
110 10
010 10
110 10
010 10
110 10
010 10
110 10
010 10
110 10
010 10
110 10
010 10
100 10
000 10
100 10
000 10
100 10
000 10
100 10
000 10
100 10
000 10
100 10
000 10
100 10
000 10
100 10
000 10
100 10
000 10
100 10
000 10
100 10
000 10
100 10
000 10
100 10
000 10
100 10
000 10
100 10
000 10
110 10
010 10
110 10
010 10
110 10
010 10
110 10
010 10
110 10
010 10
110 10
010 10
110 10
010 10
110 10
010 10
010133
110133
010133
110133
010133
110133
010133
110133
010133
110133
010133
110133
010133
110133
010133
100133
000133
100133
000133
100133
000133
100133
000133
100133
000133
100133
000133
100133
000133
100133
000133
000 66
100 66
000 66
100 66
000 66
100 66
000 66
100 66
000 66
100 66
000 66
100 66
000 66
100 66
000 66
100 66
000 66
100 66
000 66
100 66
000 66
100 66
000 66
100 66
000 66
100 66
000 66
100 66
000 66
100 66
000 66
000 33
100 33
000 33
100 33
000 33
100 33
000 33
100 33
000 33
100 33
000 33
100 33
000 33
100 33
000 33
100 33
000 33
100 33
000 33
100 33
000 33
100 33
000 33
100 33
000 33
100 33
000 33
100 33
000 33
100 33
000 33
000 16
100 16
000 16
100 16
000 16
100 16
000 16
100 16
000 16
100 16
000 16
100 16
000 16
100 16
000 16
100 16
000 16
100 16
000 16
100 16
000 16
100 16
000 16
100 16
000 16
100 16
000 16
100 16
000 16
100 16
000 16
000  8
100  8
000  8
100  8
000  8
100  8
000  8
100  8
000  8
100  8
000  8
100  8
000  8
100  8
000  8
100  8
000  8
100  8
000  8
100  8
000  8
100  8
000  8
100  8
000  8
100  8
000  8
100  8
000  8
100  8
000  8
000  4
100  4
000  4
100  4
000  4
100  4
000  4
100  4
000  4
100  4
000  4
100  4
000  4
100  4
000  4
100  4
000  4
100  4
000  4
100  4
000  4
100  4
000  4
100  4
000  4
100  4
000  4
100  4
000  4
100  4
000  4
000  2
100  2
000  2
100  2
000  2
100  2
000  2
100  2
000  2
100  2
000  2
100  2
000  2
100  2
000  2
100  2
000  2
100  2
000  2
100  2
000  2
100  2
000  2
100  2
000  2
100  2
000  2
100  2
000  2
100  2
000  2
000  1
100  1
000  1
100  1
000  1
100  1
000  1
100  1
000  1
100  1
000  1
100  1
000  1
100  1
000  1
110  1
010  1
110  1
010  1
110  1
010  1
110  1
010  1
110  1
010  1
110  1
010  1
110  1
010  1
110  1
010  1
110  1
010  1
110  1
010  1
110  1
010  1
110  1
010  1
110  1
010  1
110  1
010  1
110  1
010  1
110  1
010  1
110  1
010  1
110  1
010  1
110  1
010  1
110  1
010  1
110  1
010  1
110  1
010  1
110  1
010  1
011  1
010  1
110  1
010  1
110  1
010  1
110  1
010  1
110  1
010  1
110  1
010  1
110  1
010  1
110  1
010  1
110  1
010  1
110  1
010  1
100  1
000  1
100  1
000  1
100  1
000  1
100  1
000  1
100  1
000  1
100  1
000  1
100  1
000  1
100  1
000  1
100  1
000  1
100  1
000  1
100  1
000  1
100  1
000  1
100  1
000  1
100  1
000  1
100  1
000  1
100  1
000  1
100  1
000  1
100  1
000  1
100  1
000  1
100  1
000  1
100  1
000  1
100  1
000  1
100  1
000  1
000  0
100  0
000  0
100  0
000  0
100  0
000  0
100  0
000  0
100  0
000  0
100  0
000  0
100  0
000  0
100  0
000  0
100  0
000  0
100  0
000  0
100  0
000  0
100  0
000  0
100  0
000  0
100  0
000  0
100  0
000  0
100  0
000  0
100  0
000  0
100  0
000  0
100  0
000  0
100  0
000  0
100  0
000  0
100  0
000  0
100  0
000  0
100  0
000  0
100  0
000  0
100  0
000  0
100  0
000  0
100  0
000  0
100  0
000  0
100  0
000  0
100  0
000  0
100  0
000  0
100  0
000  0
100  0
000  0
100  0
000  0
100  0
000  0
100  0
000  0
100  0
000  0
100  0
000  0
100  0
000  0
100  0
000  0
100  0
000  0
100  0
000  0
100  0
000  0
100  0
000  0
100  0
000  0
100  0
000  0
100  0
000  0
100  0
000  0
100  0
000  0
100  0
000  0
100  0
000  0
100  0
000  0
100  0
000  0
100  0
000  0
100  0
000  0
100  0
000  0
100  0
000  0
100  0
000  0
100  0
000  0
100  0
000  0
100  0
000  0
100  0
000  0
100  0
000  0
100  0
000  0
100  0
000  0
100  0
000  0
110  0
010  0
110  0
010  0
110  0
010  0
110  0
010  0
110  0
010  0
110  0
010  0
110  0
010  0
110  0
010  0
010128
110128
010128
110128
010128
110128
010128
110128
010128
110128
010128
110128
010128
110128
010128
100128
000128
100128
000128
100128
000128
100128
000128
100128
000128
100128
000128
100128
000128
100128
000128
000 64
100 64
000 64
100 64
000 64
100 64
000 64
100 64
000 64
100 64
000 64
100 64
000 64
100 64
000 64
100 64
000 64
100 64
000 64
100 64
000 64
100 64
000 64
100 64
000 64
100 64
000 64
100 64
000 64
100 64
000 64
000 32
100 32
000 32
100 32
000 32
100 32
000 32
100 32
000 32
100 32
000 32
100 32
000 32
100 32
000 32
110 32
010 32
110 32
010 32
110 32
010 32
110 32
010 32
110 32
010 32
110 32
010 32
110 32
010 32
110 32
010 32
110 32
010 32
110 32
010 32
110 32
010 32
110 32
010 32
110 32
010 32
110 32
010 32
110 32
010 32
110 32
010 32
110 32
010 32
110 32
010 32
110 32
010 32
110 32
010 32
110 32
010 32
110 32
010 32
110 32
010 32
011 32
010 32
110 32
010 32
110 32
010 32
110 32
010 32
110 32
010 32
110 32
010 32
110 32
010 32
110 32
010 32
110 32
010 32
110 32
010 32
100 32
000 32
100 32
000 32
100 32
000 32
100 32
000 32
100 32
000 32
100 32
000 32
100 32
000 32
100 32
000 32
100 32
000 32
100 32
000 32
100 32
000 32
100 32
000 32
100 32
000 32
100 32
000 32
100 32
000 32
100 32
000 32
100 32
000 32
100 32
000 32
100 32
000 32
100 32
000 32
100 32
000 32
100 32
000 32
100 32
000 32
000 16
100 16
000 16
100 16
000 16
100 16
000 16
100 16
000 16
100 16
000 16
100 16
000 16
100 16
000 16
110 16
010 16
110 16
010 16
110 16
010 16
110 16
010 16
110 16
010 16
110 16
010 16
110 16
010 16
110 16
010 16
010136
110136
010136
110136
010136
110136
010136
110136
010136
110136
010136
110136
010136
110136
010136
100136
000136
100136
000136
100136
000136
100136
000136
100136
000136
100136
000136
100136
000136
100136
000136
000 68
100 68
000 68
100 68
000 68
100 68
000 68
100 68
000 68
100 68
000 68
100 68
000 68
100 68
000 68
110 68
010 68
110 68
010 68
110 68
010 68
110 68
010 68
110 68
010 68
110 68
010 68
110 68
010 68
110 68
010 68
010162
110162
010162
110162
010162
110162
010162
110162
010162
110162
010162
110162
010162
110162
010162
100162
000162
100162
000162
100162
000162
100162
000162
100162
000162
100162
000162
100162
000162
100162
000162
000 81
100 81
000 81
100 81
000 81
100 81
000 81
100 81
000 81
100 81
000 81
100 81
000 81
100 81
000 81
100 81
000 81
100 81
000 81
100 81
000 81
100 81
000 81
100 81
000 81
100 81
000 81
100 81
000 81
100 81
000 81
000 40
100 40
000 40
100 40
000 40
100 40
000 40
100 40
000 40
100 40
000 40
100 40
000 40
100 40
000 40
100 40
000 40
100 40
000 40
100 40
000 40
100 40
000 40
100 40
000 40
100 40
000 40
100 40
000 40
100 40
000 40
000 20
100 20
000 20
100 20
000 20
100 20
000 20
100 20
000 20
100 20
000 20
100 20
000 20
100 20
000 20
100 20
000 20
100 20
000 20
100 20
000 20
100 20
000 20
100 20
000 20
100 20
000 20
100 20
000 20
100 20
000 20
000 10
100 10
000 10
100 10
000 10
100 10
000 10
100 10
000 10
100 10
000 10
100 10
000 10
100 10
000 10
110 10
010 10
110 10
010 10
110 10
010 10
110 10
010 10
110 10
010 10
110 10
010 10
110 10
010 10
110 10
010 10
110 10
010 10
110 10
010 10
110 10
010 10
110 10
010 10
110 10
010 10
110 10
010 10
110 10
010 10
110 10
010 10
110 10
010 10
110 10
010 10
110 10
010 10
110 10
010 10
110 10
010 10
110 10
010 10
110 10
010 10
011 10
010 10
110 10
010 10
110 10
010 10
110 10
010 10
110 10
010 10
110 10
010 10
110 10
010 10
110 10
010 10
110 10
010 10
110 10
010 10
100 10
000 10
100 10
000 10
100 10
000 10
100 10
000 10
100 10
000 10
100 10
000 10
100 10
000 10
100 10
000 10
100 10
000 10
100 10
000 10
100 10
000 10
100 10
000 10
100 10
000 10
100 10
000 10
100 10
000 10
110 10
010 10
110 10
010 10
110 10
010 10
110 10
010 10
110 10
010 10
110 10
010 10
110 10
010 10
110 10
010 10
010133
110133
010133
110133
010133
110133
010133
110133
010133
110133
010133
110133
010133
110133
010133
100133
000133
100133
000133
100133
000133
100133
000133
100133
000133
100133
000133
100133
000133
100133
000133
000 66
100 66
000 66
100 66
000 66
100 66
000 66
100 66
000 66
100 66
000 66
100 66
000 66
100 66
000 66
100 66
000 66
100 66
000 66
100 66
000 66
100 66
000 66
100 66
000 66
100 66
000 66
100 66
000 66
100 66
000 66
000 33
100 33
000 33
100 33
000 33
100 33
000 33
100 33
000 33
100 33
000 33
100 33
000 33
100 33
000 33
100 33
000 33
100 33
000 33
100 33
000 33
100 33
000 33
100 33
000 33
100 33
000 33
100 33
000 33
100 33
000 33
000 16
100 16
000 16
100 16
000 16
100 16
000 16
100 16
000 16
100 16
000 16
100 16
000 16
100 16
000 16
100 16
000 16
100 16
000 16
100 16
000 16
100 16
000 16
100 16
000 16
100 16
000 16
100 16
000 16
100 16
000 16
000  8
100  8
000  8
100  8
000  8
100  8
000  8
100  8
000  8
100  8
000  8
100  8
000  8
100  8
000  8
100  8
000  8
100  8
000  8
100  8
000  8
100  8
000  8
100  8
000  8
100  8
000  8
100  8
000  8
100  8
000  8
000  4
100  4
000  4
100  4
000  4
100  4
000  4
100  4
000  4
100  4
000  4
100  4
000  4
100  4
000  4
100  4
000  4
100  4
000  4
100  4
000  4
100  4
000  4
100  4
000  4
100  4
000  4
100  4
000  4
100  4
000  4
000  2
100  2
000  2
100  2
000  2
100  2
000  2
100  2
000  2
100  2
000  2
100  2
000  2
100  2
000  2
100  2
000  2
100  2
000  2
100  2
000  2
100  2
000  2
100  2
000  2
100  2
000  2
100  2
000  2
100  2
000  2
000  1
100  1
000  1
100  1
000  1
100  1
000  1
100  1
000  1
100  1
000  1
100  1
000  1
100  1
000  1
110  1
010  1
110  1
010  1
110  1
010  1
110  1
010  1
110  1
010  1
110  1
010  1
110  1
010  1
110  1
010  1
110  1
010  1
110  1
010  1
110  1
010  1
110  1
010  1
110  1
010  1
110  1
010  1
110  1
010  1
110  1
010  1
110  1
010  1
110  1
010  1
110  1
010  1
110  1
010  1
110  1
010  1
110  1
010  1
110  1
010  1
011  1
010  1
110  1
010  1
110  1
010  1
110  1
010  1
110  1
010  1
110  1
010  1
110  1
010  1
110  1
010  1
110  1
010  1
110  1
010  1
100  1
000  1
100  1
000  1
100  1
000  1
100  1
000  1
100  1
000  1
100  1
000  1
100  1
000  1
100  1
000  1
100  1
000  1
100  1
000  1
100  1
000  1
100  1
000  1
100  1
000  1
100  1
000  1
100  1
000  1
100  1
000  1
100  1
000  1
100  1
000  1
100  1
000  1
100  1
000  1
100  1
000  1
100  1
000  1
100  1
000  1
000  0
100  0
000  0
100  0
000  0
100  0
000  0
100  0
000  0
100  0
000  0
100  0
000  0
100  0
000  0
100  0
000  0
100  0
000  0
100  0
000  0
100  0
000  0
100  0
000  0
100  0
000  0
100  0
000  0
100  0
000  0
100  0
000  0
100  0
000  0
100  0
000  0
100  0
000  0
100  0
000  0
100  0
000  0
100  0
000  0
100  0
000  0
100  0
000  0
100  0
000  0
100  0
000  0
100  0
000  0
100  0
000  0
100  0
000  0
100  0
000  0
100  0
000  0
100  0
000  0
100  0
000  0
100  0
000  0
100  0
000  0
100  0
000  0
100  0
000  0
100  0
000  0
100  0
000  0
100  0
000  0
100  0
000  0
100  0
000  0
100  0
000  0
100  0
000  0
100  0
000  0
100  0
000  0
100  0
000  0
100  0
000  0
100  0
000  0
100  0
000  0
100  0
000  0
100  0
000  0
100  0
000  0
100  0
000  0
100  0
000  0
100  0
000  0
100  0
000  0
100  0
000  0
100  0
000  0
100  0
000  0
100  0
000  0
100  0
000  0
100  0
000  0
100  0
000  0
100  0
000  0
100  0
000  0
100  0
000  0
110  0
010  0
110  0
010  0
110  0
010  0
110  0
010  0
110  0
010  0
110  0
010  0
110  0
010  0
110  0
010  0
010128
110128
010128
110128
010128
110128
010128
110128
010128
110128
010128
110128
010128
110128
010128
100128
000128
100128
000128
100128
000128
100128
000128
100128
000128
100128
000128
100128
000128
100128
000128
000 64
100 64
000 64
100 64
000 64
100 64
000 64
100 64
000 64
100 64
000 64
100 64
000 64
100 64
000 64
100 64
000 64
100 64
000 64
100 64
000 64
