Time resolution is 1 ps
dato A =   4 
dato B = 122 
operation 100000 
Out operation: 126, 01111110
_____________

dato A =  73 
dato B =   6 
operation 100100 
Out operation:   0, 00000000
_____________

dato A = 112 
dato B =  10 
operation 100101 
Out operation: 122, 01111010
_____________

dato A = 115 
dato B =  84 
operation 000010 
Out operation:   0, 00000000
_____________

dato A = 102 
dato B =  68 
operation 000011 
Out operation:   0, 00000000
_____________

dato A =  84 
dato B =  55 
operation 100111 
Out operation: 136, 10001000
_____________

dato A =  73 
dato B =  30 
operation 100101 
Out operation:  95, 01011111
_____________

dato A =  72 
dato B = 114 
operation 100111 
Out operation: 133, 10000101
_____________

dato A =  27 
dato B =  59 
operation 100111 
Out operation: 196, 11000100
_____________

dato A =  50 
dato B =   3 
operation 100110 
Out operation:  49, 00110001
_____________

dato A =   1 
dato B =  30 
operation 100111 
Out operation: 224, 11100000
_____________

dato A = 110 
dato B =  81 
operation 100101 
Out operation: 127, 01111111
_____________

dato A =  78 
dato B =  82 
operation 000010 
Out operation:   0, 00000000
_____________

dato A = 105 
dato B =  65 
operation 100110 
Out operation:  40, 00101000
_____________

dato A =   7 
